<?xml version="1.0" encoding="UTF-8"?>
<!-- Generated by org.testng.reporters.JUnitReportReporter -->
<testsuite hostname="IN5CG51011HZ" name="Avis.TestScripts.Avis_GUI_VoidRental" tests="1" failures="0" timestamp="26 Sep 2019 03:36:36 GMT" time="494.298" errors="0">
  <testcase name="test" time="494.298" classname="Avis.TestScripts.Avis_GUI_VoidRental"/>
</testsuite> <!-- Avis.TestScripts.Avis_GUI_VoidRental -->
